<?xml version="1.0" encoding="UTF-8"?>
<!-- Generated by org.testng.reporters.JUnitReportReporter -->
<testsuite hostname="ojt13-PC" name="DriverFactory.DriverScript" tests="1" failures="0" timestamp="2 Dec 2019 06:08:38 GMT" time="90.339" errors="0">
  <testcase name="startTest" time="90.339" classname="DriverFactory.DriverScript"/>
</testsuite> <!-- DriverFactory.DriverScript -->
